<?xml version="1.0" encoding="UTF-8"?>
<coverage generated="1665338097403" clover="3.2.0">
  <project timestamp="1665338097403" name="All files">
    <metrics statements="192" coveredstatements="187" conditionals="22" coveredconditionals="19" methods="23" coveredmethods="21" elements="237" coveredelements="227" complexity="0" loc="192" ncloc="192" packages="10" files="26" classes="26"/>
    <package name="src">
      <metrics statements="14" coveredstatements="14" conditionals="0" coveredconditionals="0" methods="0" coveredmethods="0"/>
      <file name="app.ts" path="/home/name/myprojects/eventsApp/events-api/src/app.ts">
        <metrics statements="14" coveredstatements="14" conditionals="0" coveredconditionals="0" methods="0" coveredmethods="0"/>
        <line num="1" count="2" type="stmt"/>
        <line num="2" count="2" type="stmt"/>
        <line num="3" count="2" type="stmt"/>
        <line num="4" count="2" type="stmt"/>
        <line num="5" count="2" type="stmt"/>
        <line num="6" count="2" type="stmt"/>
        <line num="7" count="2" type="stmt"/>
        <line num="9" count="2" type="stmt"/>
        <line num="11" count="2" type="stmt"/>
        <line num="12" count="2" type="stmt"/>
        <line num="13" count="2" type="stmt"/>
        <line num="14" count="2" type="stmt"/>
        <line num="15" count="2" type="stmt"/>
        <line num="17" count="2" type="stmt"/>
      </file>
    </package>
    <package name="src.controllers.eventControllers">
      <metrics statements="34" coveredstatements="34" conditionals="10" coveredconditionals="10" methods="4" coveredmethods="4"/>
      <file name="CreateEventController.ts" path="/home/name/myprojects/eventsApp/events-api/src/controllers/eventControllers/CreateEventController.ts">
        <metrics statements="10" coveredstatements="10" conditionals="5" coveredconditionals="5" methods="1" coveredmethods="1"/>
        <line num="2" count="2" type="stmt"/>
        <line num="3" count="2" type="stmt"/>
        <line num="4" count="2" type="stmt"/>
        <line num="6" count="2" type="stmt"/>
        <line num="8" count="2" type="stmt"/>
        <line num="10" count="2" type="cond" truecount="5" falsecount="0"/>
        <line num="11" count="1" type="stmt"/>
        <line num="14" count="1" type="stmt"/>
        <line num="16" count="1" type="stmt"/>
        <line num="22" count="1" type="stmt"/>
      </file>
      <file name="DeleteEventController.ts" path="/home/name/myprojects/eventsApp/events-api/src/controllers/eventControllers/DeleteEventController.ts">
        <metrics statements="6" coveredstatements="6" conditionals="0" coveredconditionals="0" methods="1" coveredmethods="1"/>
        <line num="2" count="2" type="stmt"/>
        <line num="4" count="2" type="stmt"/>
        <line num="6" count="2" type="stmt"/>
        <line num="8" count="2" type="stmt"/>
        <line num="10" count="2" type="stmt"/>
        <line num="12" count="1" type="stmt"/>
      </file>
      <file name="EditEventController.ts" path="/home/name/myprojects/eventsApp/events-api/src/controllers/eventControllers/EditEventController.ts">
        <metrics statements="11" coveredstatements="11" conditionals="5" coveredconditionals="5" methods="1" coveredmethods="1"/>
        <line num="2" count="2" type="stmt"/>
        <line num="3" count="2" type="stmt"/>
        <line num="4" count="2" type="stmt"/>
        <line num="6" count="2" type="stmt"/>
        <line num="8" count="3" type="stmt"/>
        <line num="9" count="3" type="stmt"/>
        <line num="11" count="3" type="cond" truecount="5" falsecount="0"/>
        <line num="12" count="1" type="stmt"/>
        <line num="15" count="2" type="stmt"/>
        <line num="17" count="2" type="stmt"/>
        <line num="24" count="1" type="stmt"/>
      </file>
      <file name="GetAllEventsController.ts" path="/home/name/myprojects/eventsApp/events-api/src/controllers/eventControllers/GetAllEventsController.ts">
        <metrics statements="7" coveredstatements="7" conditionals="0" coveredconditionals="0" methods="1" coveredmethods="1"/>
        <line num="2" count="2" type="stmt"/>
        <line num="8" count="2" type="stmt"/>
        <line num="10" count="2" type="stmt"/>
        <line num="11" count="2" type="stmt"/>
        <line num="13" count="2" type="stmt"/>
        <line num="17" count="2" type="stmt"/>
        <line num="19" count="2" type="stmt"/>
      </file>
    </package>
    <package name="src.controllers.userControllers">
      <metrics statements="38" coveredstatements="38" conditionals="2" coveredconditionals="2" methods="5" coveredmethods="5"/>
      <file name="CreateUserController.ts" path="/home/name/myprojects/eventsApp/events-api/src/controllers/userControllers/CreateUserController.ts">
        <metrics statements="9" coveredstatements="9" conditionals="1" coveredconditionals="1" methods="1" coveredmethods="1"/>
        <line num="2" count="2" type="stmt"/>
        <line num="3" count="2" type="stmt"/>
        <line num="5" count="2" type="stmt"/>
        <line num="7" count="3" type="stmt"/>
        <line num="9" count="3" type="cond" truecount="1" falsecount="0"/>
        <line num="10" count="1" type="stmt"/>
        <line num="13" count="2" type="stmt"/>
        <line num="15" count="2" type="stmt"/>
        <line num="17" count="1" type="stmt"/>
      </file>
      <file name="DeleteUserController.ts" path="/home/name/myprojects/eventsApp/events-api/src/controllers/userControllers/DeleteUserController.ts">
        <metrics statements="6" coveredstatements="6" conditionals="0" coveredconditionals="0" methods="1" coveredmethods="1"/>
        <line num="2" count="2" type="stmt"/>
        <line num="4" count="2" type="stmt"/>
        <line num="6" count="2" type="stmt"/>
        <line num="8" count="2" type="stmt"/>
        <line num="10" count="2" type="stmt"/>
        <line num="12" count="1" type="stmt"/>
      </file>
      <file name="EditUserController.ts" path="/home/name/myprojects/eventsApp/events-api/src/controllers/userControllers/EditUserController.ts">
        <metrics statements="10" coveredstatements="10" conditionals="1" coveredconditionals="1" methods="1" coveredmethods="1"/>
        <line num="2" count="2" type="stmt"/>
        <line num="3" count="2" type="stmt"/>
        <line num="5" count="2" type="stmt"/>
        <line num="7" count="3" type="stmt"/>
        <line num="8" count="3" type="stmt"/>
        <line num="10" count="3" type="cond" truecount="1" falsecount="0"/>
        <line num="11" count="1" type="stmt"/>
        <line num="14" count="2" type="stmt"/>
        <line num="16" count="2" type="stmt"/>
        <line num="18" count="1" type="stmt"/>
      </file>
      <file name="GetAllUsersController.ts" path="/home/name/myprojects/eventsApp/events-api/src/controllers/userControllers/GetAllUsersController.ts">
        <metrics statements="7" coveredstatements="7" conditionals="0" coveredconditionals="0" methods="1" coveredmethods="1"/>
        <line num="2" count="2" type="stmt"/>
        <line num="8" count="2" type="stmt"/>
        <line num="10" count="2" type="stmt"/>
        <line num="11" count="2" type="stmt"/>
        <line num="13" count="2" type="stmt"/>
        <line num="17" count="2" type="stmt"/>
        <line num="19" count="2" type="stmt"/>
      </file>
      <file name="GetSingleUserController.ts" path="/home/name/myprojects/eventsApp/events-api/src/controllers/userControllers/GetSingleUserController.ts">
        <metrics statements="6" coveredstatements="6" conditionals="0" coveredconditionals="0" methods="1" coveredmethods="1"/>
        <line num="2" count="2" type="stmt"/>
        <line num="4" count="2" type="stmt"/>
        <line num="6" count="1" type="stmt"/>
        <line num="7" count="1" type="stmt"/>
        <line num="9" count="1" type="stmt"/>
        <line num="11" count="1" type="stmt"/>
      </file>
    </package>
    <package name="src.errors">
      <metrics statements="3" coveredstatements="3" conditionals="0" coveredconditionals="0" methods="1" coveredmethods="1"/>
      <file name="AppError.ts" path="/home/name/myprojects/eventsApp/events-api/src/errors/AppError.ts">
        <metrics statements="3" coveredstatements="3" conditionals="0" coveredconditionals="0" methods="1" coveredmethods="1"/>
        <line num="1" count="2" type="stmt"/>
        <line num="7" count="9" type="stmt"/>
        <line num="8" count="9" type="stmt"/>
      </file>
    </package>
    <package name="src.middlewares">
      <metrics statements="5" coveredstatements="4" conditionals="1" coveredconditionals="1" methods="1" coveredmethods="1"/>
      <file name="errorHandlerMiddleware.ts" path="/home/name/myprojects/eventsApp/events-api/src/middlewares/errorHandlerMiddleware.ts">
        <metrics statements="5" coveredstatements="4" conditionals="1" coveredconditionals="1" methods="1" coveredmethods="1"/>
        <line num="2" count="2" type="stmt"/>
        <line num="4" count="2" type="stmt"/>
        <line num="10" count="9" type="cond" truecount="1" falsecount="0"/>
        <line num="11" count="9" type="stmt"/>
        <line num="17" count="0" type="stmt"/>
      </file>
    </package>
    <package name="src.prisma">
      <metrics statements="2" coveredstatements="2" conditionals="0" coveredconditionals="0" methods="0" coveredmethods="0"/>
      <file name="client.ts" path="/home/name/myprojects/eventsApp/events-api/src/prisma/client.ts">
        <metrics statements="2" coveredstatements="2" conditionals="0" coveredconditionals="0" methods="0" coveredmethods="0"/>
        <line num="1" count="2" type="stmt"/>
        <line num="3" count="2" type="stmt"/>
      </file>
    </package>
    <package name="src.routes">
      <metrics statements="31" coveredstatements="31" conditionals="0" coveredconditionals="0" methods="0" coveredmethods="0"/>
      <file name="event.routes.ts" path="/home/name/myprojects/eventsApp/events-api/src/routes/event.routes.ts">
        <metrics statements="11" coveredstatements="11" conditionals="0" coveredconditionals="0" methods="0" coveredmethods="0"/>
        <line num="1" count="2" type="stmt"/>
        <line num="2" count="2" type="stmt"/>
        <line num="3" count="2" type="stmt"/>
        <line num="4" count="2" type="stmt"/>
        <line num="5" count="2" type="stmt"/>
        <line num="7" count="2" type="stmt"/>
        <line num="9" count="2" type="stmt"/>
        <line num="10" count="2" type="stmt"/>
        <line num="11" count="2" type="stmt"/>
        <line num="12" count="2" type="stmt"/>
        <line num="14" count="2" type="stmt"/>
      </file>
      <file name="index.ts" path="/home/name/myprojects/eventsApp/events-api/src/routes/index.ts">
        <metrics statements="7" coveredstatements="7" conditionals="0" coveredconditionals="0" methods="0" coveredmethods="0"/>
        <line num="1" count="2" type="stmt"/>
        <line num="2" count="2" type="stmt"/>
        <line num="3" count="2" type="stmt"/>
        <line num="5" count="2" type="stmt"/>
        <line num="7" count="2" type="stmt"/>
        <line num="8" count="2" type="stmt"/>
        <line num="10" count="2" type="stmt"/>
      </file>
      <file name="user.routes.ts" path="/home/name/myprojects/eventsApp/events-api/src/routes/user.routes.ts">
        <metrics statements="13" coveredstatements="13" conditionals="0" coveredconditionals="0" methods="0" coveredmethods="0"/>
        <line num="1" count="2" type="stmt"/>
        <line num="2" count="2" type="stmt"/>
        <line num="3" count="2" type="stmt"/>
        <line num="4" count="2" type="stmt"/>
        <line num="5" count="2" type="stmt"/>
        <line num="6" count="2" type="stmt"/>
        <line num="8" count="2" type="stmt"/>
        <line num="10" count="2" type="stmt"/>
        <line num="11" count="2" type="stmt"/>
        <line num="12" count="2" type="stmt"/>
        <line num="13" count="2" type="stmt"/>
        <line num="14" count="2" type="stmt"/>
        <line num="16" count="2" type="stmt"/>
      </file>
    </package>
    <package name="src.services.eventServices">
      <metrics statements="25" coveredstatements="23" conditionals="2" coveredconditionals="2" methods="6" coveredmethods="4"/>
      <file name="CreateEventService.ts" path="/home/name/myprojects/eventsApp/events-api/src/services/eventServices/CreateEventService.ts">
        <metrics statements="5" coveredstatements="4" conditionals="0" coveredconditionals="0" methods="2" coveredmethods="1"/>
        <line num="1" count="2" type="stmt"/>
        <line num="10" count="2" type="stmt"/>
        <line num="16" count="1" type="stmt"/>
        <line num="21" count="0" type="stmt"/>
        <line num="37" count="1" type="stmt"/>
      </file>
      <file name="DeleteEventService.ts" path="/home/name/myprojects/eventsApp/events-api/src/services/eventServices/DeleteEventService.ts">
        <metrics statements="7" coveredstatements="7" conditionals="1" coveredconditionals="1" methods="1" coveredmethods="1"/>
        <line num="1" count="2" type="stmt"/>
        <line num="2" count="2" type="stmt"/>
        <line num="8" count="2" type="stmt"/>
        <line num="10" count="2" type="stmt"/>
        <line num="16" count="2" type="cond" truecount="1" falsecount="0"/>
        <line num="17" count="1" type="stmt"/>
        <line num="20" count="1" type="stmt"/>
      </file>
      <file name="EditEventService.ts" path="/home/name/myprojects/eventsApp/events-api/src/services/eventServices/EditEventService.ts">
        <metrics statements="9" coveredstatements="8" conditionals="1" coveredconditionals="1" methods="2" coveredmethods="1"/>
        <line num="1" count="2" type="stmt"/>
        <line num="2" count="2" type="stmt"/>
        <line num="12" count="2" type="stmt"/>
        <line num="19" count="2" type="stmt"/>
        <line num="25" count="2" type="cond" truecount="1" falsecount="0"/>
        <line num="26" count="1" type="stmt"/>
        <line num="29" count="1" type="stmt"/>
        <line num="38" count="0" type="stmt"/>
        <line num="54" count="1" type="stmt"/>
      </file>
      <file name="GetAllEventsService.ts" path="/home/name/myprojects/eventsApp/events-api/src/services/eventServices/GetAllEventsService.ts">
        <metrics statements="4" coveredstatements="4" conditionals="0" coveredconditionals="0" methods="1" coveredmethods="1"/>
        <line num="1" count="2" type="stmt"/>
        <line num="10" count="2" type="stmt"/>
        <line num="12" count="2" type="stmt"/>
        <line num="31" count="2" type="stmt"/>
      </file>
    </package>
    <package name="src.services.userServices">
      <metrics statements="37" coveredstatements="35" conditionals="5" coveredconditionals="3" methods="5" coveredmethods="5"/>
      <file name="CreateUserService.ts" path="/home/name/myprojects/eventsApp/events-api/src/services/userServices/CreateUserService.ts">
        <metrics statements="8" coveredstatements="8" conditionals="1" coveredconditionals="1" methods="1" coveredmethods="1"/>
        <line num="1" count="2" type="stmt"/>
        <line num="3" count="2" type="stmt"/>
        <line num="9" count="2" type="stmt"/>
        <line num="11" count="2" type="stmt"/>
        <line num="17" count="2" type="cond" truecount="1" falsecount="0"/>
        <line num="18" count="1" type="stmt"/>
        <line num="21" count="1" type="stmt"/>
        <line num="39" count="1" type="stmt"/>
      </file>
      <file name="DeleteUserService.ts" path="/home/name/myprojects/eventsApp/events-api/src/services/userServices/DeleteUserService.ts">
        <metrics statements="7" coveredstatements="7" conditionals="1" coveredconditionals="1" methods="1" coveredmethods="1"/>
        <line num="1" count="2" type="stmt"/>
        <line num="2" count="2" type="stmt"/>
        <line num="8" count="2" type="stmt"/>
        <line num="10" count="2" type="stmt"/>
        <line num="16" count="2" type="cond" truecount="1" falsecount="0"/>
        <line num="17" count="1" type="stmt"/>
        <line num="20" count="1" type="stmt"/>
      </file>
      <file name="EditUserService.ts" path="/home/name/myprojects/eventsApp/events-api/src/services/userServices/EditUserService.ts">
        <metrics statements="11" coveredstatements="10" conditionals="2" coveredconditionals="1" methods="1" coveredmethods="1"/>
        <line num="1" count="2" type="stmt"/>
        <line num="2" count="2" type="stmt"/>
        <line num="10" count="2" type="stmt"/>
        <line num="12" count="2" type="stmt"/>
        <line num="18" count="2" type="cond" truecount="1" falsecount="0"/>
        <line num="19" count="1" type="stmt"/>
        <line num="22" count="1" type="stmt"/>
        <line num="28" count="1" type="cond" truecount="0" falsecount="1"/>
        <line num="29" count="0" type="stmt"/>
        <line num="32" count="1" type="stmt"/>
        <line num="53" count="1" type="stmt"/>
      </file>
      <file name="GetAllUsersService.ts" path="/home/name/myprojects/eventsApp/events-api/src/services/userServices/GetAllUsersService.ts">
        <metrics statements="4" coveredstatements="4" conditionals="0" coveredconditionals="0" methods="1" coveredmethods="1"/>
        <line num="1" count="2" type="stmt"/>
        <line num="10" count="2" type="stmt"/>
        <line num="12" count="2" type="stmt"/>
        <line num="36" count="2" type="stmt"/>
      </file>
      <file name="GetSingleUserService.ts" path="/home/name/myprojects/eventsApp/events-api/src/services/userServices/GetSingleUserService.ts">
        <metrics statements="7" coveredstatements="6" conditionals="1" coveredconditionals="0" methods="1" coveredmethods="1"/>
        <line num="1" count="2" type="stmt"/>
        <line num="3" count="2" type="stmt"/>
        <line num="9" count="2" type="stmt"/>
        <line num="11" count="1" type="stmt"/>
        <line num="29" count="1" type="cond" truecount="0" falsecount="1"/>
        <line num="30" count="0" type="stmt"/>
        <line num="33" count="1" type="stmt"/>
      </file>
    </package>
    <package name="src.utils">
      <metrics statements="3" coveredstatements="3" conditionals="2" coveredconditionals="1" methods="1" coveredmethods="1"/>
      <file name="helpers.ts" path="/home/name/myprojects/eventsApp/events-api/src/utils/helpers.ts">
        <metrics statements="3" coveredstatements="3" conditionals="2" coveredconditionals="1" methods="1" coveredmethods="1"/>
        <line num="1" count="2" type="stmt"/>
        <line num="2" count="3" type="stmt"/>
        <line num="3" count="3" type="cond" truecount="1" falsecount="1"/>
      </file>
    </package>
  </project>
</coverage>
