{"/home/name/myprojects/eventsApp/events-api/src/app.ts": {"path":"/home/name/myprojects/eventsApp/events-api/src/app.ts","statementMap":{"0":{"start":{"line":1,"column":0},"end":{"line":1,"column":30}},"1":{"start":{"line":2,"column":0},"end":{"line":2,"column":30}},"2":{"start":{"line":3,"column":0},"end":{"line":3,"column":24}},"3":{"start":{"line":4,"column":0},"end":{"line":4,"column":43}},"4":{"start":{"line":5,"column":0},"end":{"line":5,"column":34}},"5":{"start":{"line":6,"column":0},"end":{"line":6,"column":78}},"6":{"start":{"line":7,"column":24},"end":{"line":7,"column":50}},"7":{"start":{"line":9,"column":12},"end":{"line":9,"column":21}},"8":{"start":{"line":11,"column":0},"end":{"line":11,"column":16}},"9":{"start":{"line":12,"column":0},"end":{"line":12,"column":24}},"10":{"start":{"line":13,"column":0},"end":{"line":13,"column":72}},"11":{"start":{"line":14,"column":0},"end":{"line":14,"column":16}},"12":{"start":{"line":15,"column":0},"end":{"line":15,"column":32}},"13":{"start":{"line":17,"column":0},"end":{"line":17,"column":19}}},"fnMap":{},"branchMap":{},"s":{"0":2,"1":2,"2":2,"3":2,"4":2,"5":2,"6":2,"7":2,"8":2,"9":2,"10":2,"11":2,"12":2,"13":2},"f":{},"b":{}}
,"/home/name/myprojects/eventsApp/events-api/src/controllers/eventControllers/CreateEventController.ts": {"path":"/home/name/myprojects/eventsApp/events-api/src/controllers/eventControllers/CreateEventController.ts","statementMap":{"0":{"start":{"line":2,"column":0},"end":{"line":2,"column":49}},"1":{"start":{"line":3,"column":0},"end":{"line":3,"column":85}},"2":{"start":{"line":4,"column":0},"end":{"line":4,"column":45}},"3":{"start":{"line":8,"column":43},"end":{"line":8,"column":55}},"4":{"start":{"line":10,"column":4},"end":{"line":12,"column":null}},"5":{"start":{"line":11,"column":6},"end":{"line":11,"column":50}},"6":{"start":{"line":14,"column":31},"end":{"line":14,"column":55}},"7":{"start":{"line":16,"column":19},"end":{"line":20,"column":6}},"8":{"start":{"line":22,"column":4},"end":{"line":22,"column":45}},"9":{"start":{"line":6,"column":0},"end":{"line":6,"column":13}}},"fnMap":{"0":{"name":"(anonymous_7)","decl":{"start":{"line":7,"column":8},"end":{"line":7,"column":14}},"loc":{"start":{"line":7,"column":51},"end":{"line":23,"column":null}}}},"branchMap":{"0":{"loc":{"start":{"line":10,"column":4},"end":{"line":12,"column":null}},"type":"if","locations":[{"start":{"line":10,"column":4},"end":{"line":12,"column":null}}]},"1":{"loc":{"start":{"line":10,"column":8},"end":{"line":10,"column":58}},"type":"binary-expr","locations":[{"start":{"line":10,"column":8},"end":{"line":10,"column":20}},{"start":{"line":10,"column":24},"end":{"line":10,"column":32}},{"start":{"line":10,"column":36},"end":{"line":10,"column":41}},{"start":{"line":10,"column":45},"end":{"line":10,"column":58}}]}},"s":{"0":2,"1":2,"2":2,"3":2,"4":2,"5":1,"6":1,"7":1,"8":1,"9":2},"f":{"0":2},"b":{"0":[1],"1":[2,2,1,1]}}
,"/home/name/myprojects/eventsApp/events-api/src/controllers/eventControllers/DeleteEventController.ts": {"path":"/home/name/myprojects/eventsApp/events-api/src/controllers/eventControllers/DeleteEventController.ts","statementMap":{"0":{"start":{"line":2,"column":0},"end":{"line":2,"column":85}},"1":{"start":{"line":6,"column":19},"end":{"line":6,"column":33}},"2":{"start":{"line":8,"column":31},"end":{"line":8,"column":55}},"3":{"start":{"line":10,"column":4},"end":{"line":10,"column":45}},"4":{"start":{"line":12,"column":4},"end":{"line":14,"column":75}},"5":{"start":{"line":4,"column":0},"end":{"line":4,"column":13}}},"fnMap":{"0":{"name":"(anonymous_7)","decl":{"start":{"line":5,"column":8},"end":{"line":5,"column":14}},"loc":{"start":{"line":5,"column":51},"end":{"line":15,"column":null}}}},"branchMap":{},"s":{"0":2,"1":2,"2":2,"3":2,"4":1,"5":2},"f":{"0":2},"b":{}}
,"/home/name/myprojects/eventsApp/events-api/src/controllers/eventControllers/EditEventController.ts": {"path":"/home/name/myprojects/eventsApp/events-api/src/controllers/eventControllers/EditEventController.ts","statementMap":{"0":{"start":{"line":2,"column":0},"end":{"line":2,"column":49}},"1":{"start":{"line":3,"column":0},"end":{"line":3,"column":81}},"2":{"start":{"line":4,"column":0},"end":{"line":4,"column":45}},"3":{"start":{"line":8,"column":19},"end":{"line":8,"column":33}},"4":{"start":{"line":9,"column":43},"end":{"line":9,"column":55}},"5":{"start":{"line":11,"column":4},"end":{"line":13,"column":null}},"6":{"start":{"line":12,"column":6},"end":{"line":12,"column":50}},"7":{"start":{"line":15,"column":29},"end":{"line":15,"column":51}},"8":{"start":{"line":17,"column":19},"end":{"line":22,"column":6}},"9":{"start":{"line":24,"column":4},"end":{"line":24,"column":45}},"10":{"start":{"line":6,"column":0},"end":{"line":6,"column":13}}},"fnMap":{"0":{"name":"(anonymous_7)","decl":{"start":{"line":7,"column":8},"end":{"line":7,"column":14}},"loc":{"start":{"line":7,"column":51},"end":{"line":25,"column":null}}}},"branchMap":{"0":{"loc":{"start":{"line":11,"column":4},"end":{"line":13,"column":null}},"type":"if","locations":[{"start":{"line":11,"column":4},"end":{"line":13,"column":null}}]},"1":{"loc":{"start":{"line":11,"column":8},"end":{"line":11,"column":58}},"type":"binary-expr","locations":[{"start":{"line":11,"column":8},"end":{"line":11,"column":20}},{"start":{"line":11,"column":24},"end":{"line":11,"column":32}},{"start":{"line":11,"column":36},"end":{"line":11,"column":41}},{"start":{"line":11,"column":45},"end":{"line":11,"column":58}}]}},"s":{"0":2,"1":2,"2":2,"3":3,"4":3,"5":3,"6":1,"7":2,"8":2,"9":1,"10":2},"f":{"0":3},"b":{"0":[1],"1":[3,3,2,2]}}
,"/home/name/myprojects/eventsApp/events-api/src/controllers/eventControllers/GetAllEventsController.ts": {"path":"/home/name/myprojects/eventsApp/events-api/src/controllers/eventControllers/GetAllEventsController.ts","statementMap":{"0":{"start":{"line":2,"column":0},"end":{"line":2,"column":87}},"1":{"start":{"line":10,"column":32},"end":{"line":10,"column":57}},"2":{"start":{"line":11,"column":28},"end":{"line":11,"column":50}},"3":{"start":{"line":13,"column":18},"end":{"line":15,"column":6}},"4":{"start":{"line":17,"column":19},"end":{"line":17,"column":63}},"5":{"start":{"line":19,"column":4},"end":{"line":19,"column":45}},"6":{"start":{"line":8,"column":0},"end":{"line":8,"column":13}}},"fnMap":{"0":{"name":"(anonymous_7)","decl":{"start":{"line":9,"column":8},"end":{"line":9,"column":14}},"loc":{"start":{"line":9,"column":51},"end":{"line":20,"column":null}}}},"branchMap":{},"s":{"0":2,"1":2,"2":2,"3":2,"4":2,"5":2,"6":2},"f":{"0":2},"b":{}}
,"/home/name/myprojects/eventsApp/events-api/src/controllers/userControllers/CreateUserController.ts": {"path":"/home/name/myprojects/eventsApp/events-api/src/controllers/userControllers/CreateUserController.ts","statementMap":{"0":{"start":{"line":2,"column":0},"end":{"line":2,"column":49}},"1":{"start":{"line":3,"column":0},"end":{"line":3,"column":82}},"2":{"start":{"line":7,"column":21},"end":{"line":7,"column":33}},"3":{"start":{"line":9,"column":4},"end":{"line":11,"column":null}},"4":{"start":{"line":10,"column":6},"end":{"line":10,"column":50}},"5":{"start":{"line":13,"column":30},"end":{"line":13,"column":53}},"6":{"start":{"line":15,"column":19},"end":{"line":15,"column":60}},"7":{"start":{"line":17,"column":4},"end":{"line":17,"column":45}},"8":{"start":{"line":5,"column":0},"end":{"line":5,"column":13}}},"fnMap":{"0":{"name":"(anonymous_7)","decl":{"start":{"line":6,"column":8},"end":{"line":6,"column":14}},"loc":{"start":{"line":6,"column":51},"end":{"line":18,"column":null}}}},"branchMap":{"0":{"loc":{"start":{"line":9,"column":4},"end":{"line":11,"column":null}},"type":"if","locations":[{"start":{"line":9,"column":4},"end":{"line":11,"column":null}}]}},"s":{"0":2,"1":2,"2":3,"3":3,"4":1,"5":2,"6":2,"7":1,"8":2},"f":{"0":3},"b":{"0":[1]}}
,"/home/name/myprojects/eventsApp/events-api/src/controllers/userControllers/DeleteUserController.ts": {"path":"/home/name/myprojects/eventsApp/events-api/src/controllers/userControllers/DeleteUserController.ts","statementMap":{"0":{"start":{"line":2,"column":0},"end":{"line":2,"column":82}},"1":{"start":{"line":6,"column":19},"end":{"line":6,"column":33}},"2":{"start":{"line":8,"column":30},"end":{"line":8,"column":53}},"3":{"start":{"line":10,"column":4},"end":{"line":10,"column":44}},"4":{"start":{"line":12,"column":4},"end":{"line":14,"column":74}},"5":{"start":{"line":4,"column":0},"end":{"line":4,"column":13}}},"fnMap":{"0":{"name":"(anonymous_7)","decl":{"start":{"line":5,"column":8},"end":{"line":5,"column":14}},"loc":{"start":{"line":5,"column":51},"end":{"line":15,"column":null}}}},"branchMap":{},"s":{"0":2,"1":2,"2":2,"3":2,"4":1,"5":2},"f":{"0":2},"b":{}}
,"/home/name/myprojects/eventsApp/events-api/src/controllers/userControllers/EditUserController.ts": {"path":"/home/name/myprojects/eventsApp/events-api/src/controllers/userControllers/EditUserController.ts","statementMap":{"0":{"start":{"line":2,"column":0},"end":{"line":2,"column":49}},"1":{"start":{"line":3,"column":0},"end":{"line":3,"column":78}},"2":{"start":{"line":7,"column":19},"end":{"line":7,"column":33}},"3":{"start":{"line":8,"column":21},"end":{"line":8,"column":33}},"4":{"start":{"line":10,"column":4},"end":{"line":12,"column":null}},"5":{"start":{"line":11,"column":6},"end":{"line":11,"column":50}},"6":{"start":{"line":14,"column":28},"end":{"line":14,"column":49}},"7":{"start":{"line":16,"column":19},"end":{"line":16,"column":62}},"8":{"start":{"line":18,"column":4},"end":{"line":18,"column":45}},"9":{"start":{"line":5,"column":0},"end":{"line":5,"column":13}}},"fnMap":{"0":{"name":"(anonymous_7)","decl":{"start":{"line":6,"column":8},"end":{"line":6,"column":14}},"loc":{"start":{"line":6,"column":51},"end":{"line":19,"column":null}}}},"branchMap":{"0":{"loc":{"start":{"line":10,"column":4},"end":{"line":12,"column":null}},"type":"if","locations":[{"start":{"line":10,"column":4},"end":{"line":12,"column":null}}]}},"s":{"0":2,"1":2,"2":3,"3":3,"4":3,"5":1,"6":2,"7":2,"8":1,"9":2},"f":{"0":3},"b":{"0":[1]}}
,"/home/name/myprojects/eventsApp/events-api/src/controllers/userControllers/GetAllUsersController.ts": {"path":"/home/name/myprojects/eventsApp/events-api/src/controllers/userControllers/GetAllUsersController.ts","statementMap":{"0":{"start":{"line":2,"column":0},"end":{"line":2,"column":84}},"1":{"start":{"line":10,"column":31},"end":{"line":10,"column":55}},"2":{"start":{"line":11,"column":21},"end":{"line":11,"column":43}},"3":{"start":{"line":13,"column":18},"end":{"line":15,"column":6}},"4":{"start":{"line":17,"column":19},"end":{"line":17,"column":62}},"5":{"start":{"line":19,"column":4},"end":{"line":19,"column":45}},"6":{"start":{"line":8,"column":0},"end":{"line":8,"column":13}}},"fnMap":{"0":{"name":"(anonymous_7)","decl":{"start":{"line":9,"column":8},"end":{"line":9,"column":14}},"loc":{"start":{"line":9,"column":51},"end":{"line":20,"column":null}}}},"branchMap":{},"s":{"0":2,"1":2,"2":2,"3":2,"4":2,"5":2,"6":2},"f":{"0":2},"b":{}}
,"/home/name/myprojects/eventsApp/events-api/src/controllers/userControllers/GetSingleUserController.ts": {"path":"/home/name/myprojects/eventsApp/events-api/src/controllers/userControllers/GetSingleUserController.ts","statementMap":{"0":{"start":{"line":2,"column":0},"end":{"line":2,"column":88}},"1":{"start":{"line":6,"column":33},"end":{"line":6,"column":59}},"2":{"start":{"line":7,"column":19},"end":{"line":7,"column":33}},"3":{"start":{"line":9,"column":19},"end":{"line":9,"column":61}},"4":{"start":{"line":11,"column":4},"end":{"line":11,"column":45}},"5":{"start":{"line":4,"column":0},"end":{"line":4,"column":13}}},"fnMap":{"0":{"name":"(anonymous_7)","decl":{"start":{"line":5,"column":8},"end":{"line":5,"column":14}},"loc":{"start":{"line":5,"column":51},"end":{"line":12,"column":null}}}},"branchMap":{},"s":{"0":2,"1":1,"2":1,"3":1,"4":1,"5":2},"f":{"0":1},"b":{}}
,"/home/name/myprojects/eventsApp/events-api/src/errors/AppError.ts": {"path":"/home/name/myprojects/eventsApp/events-api/src/errors/AppError.ts","statementMap":{"0":{"start":{"line":7,"column":4},"end":{"line":7,"column":27}},"1":{"start":{"line":8,"column":4},"end":{"line":8,"column":33}},"2":{"start":{"line":1,"column":0},"end":{"line":1,"column":13}}},"fnMap":{"0":{"name":"(anonymous_0)","decl":{"start":{"line":6,"column":2},"end":{"line":6,"column":14}},"loc":{"start":{"line":6,"column":49},"end":{"line":9,"column":3}}}},"branchMap":{},"s":{"0":9,"1":9,"2":2},"f":{"0":9},"b":{}}
,"/home/name/myprojects/eventsApp/events-api/src/middlewares/errorHandlerMiddleware.ts": {"path":"/home/name/myprojects/eventsApp/events-api/src/middlewares/errorHandlerMiddleware.ts","statementMap":{"0":{"start":{"line":2,"column":0},"end":{"line":2,"column":46}},"1":{"start":{"line":4,"column":38},"end":{"line":21,"column":1}},"2":{"start":{"line":10,"column":2},"end":{"line":15,"column":null}},"3":{"start":{"line":11,"column":4},"end":{"line":14,"column":7}},"4":{"start":{"line":17,"column":2},"end":{"line":20,"column":5}},"5":{"start":{"line":4,"column":13},"end":{"line":4,"column":38}}},"fnMap":{"0":{"name":"(anonymous_0)","decl":{"start":{"line":4,"column":38},"end":{"line":4,"column":null}},"loc":{"start":{"line":9,"column":4},"end":{"line":21,"column":1}}}},"branchMap":{"0":{"loc":{"start":{"line":10,"column":2},"end":{"line":15,"column":null}},"type":"if","locations":[{"start":{"line":10,"column":2},"end":{"line":15,"column":null}}]}},"s":{"0":2,"1":2,"2":9,"3":9,"4":0,"5":2},"f":{"0":9},"b":{"0":[9]}}
,"/home/name/myprojects/eventsApp/events-api/src/prisma/client.ts": {"path":"/home/name/myprojects/eventsApp/events-api/src/prisma/client.ts","statementMap":{"0":{"start":{"line":1,"column":0},"end":{"line":1,"column":46}},"1":{"start":{"line":3,"column":13},"end":{"line":3,"column":41}}},"fnMap":{},"branchMap":{},"s":{"0":2,"1":2},"f":{},"b":{}}
,"/home/name/myprojects/eventsApp/events-api/src/routes/event.routes.ts": {"path":"/home/name/myprojects/eventsApp/events-api/src/routes/event.routes.ts","statementMap":{"0":{"start":{"line":1,"column":0},"end":{"line":1,"column":33}},"1":{"start":{"line":2,"column":0},"end":{"line":2,"column":94}},"2":{"start":{"line":3,"column":0},"end":{"line":3,"column":94}},"3":{"start":{"line":4,"column":0},"end":{"line":4,"column":90}},"4":{"start":{"line":5,"column":0},"end":{"line":5,"column":96}},"5":{"start":{"line":7,"column":20},"end":{"line":7,"column":28}},"6":{"start":{"line":14,"column":9},"end":{"line":14,"column":20}},"7":{"start":{"line":9,"column":0},"end":{"line":9,"column":58}},"8":{"start":{"line":10,"column":0},"end":{"line":10,"column":58}},"9":{"start":{"line":11,"column":0},"end":{"line":11,"column":58}},"10":{"start":{"line":12,"column":0},"end":{"line":12,"column":63}}},"fnMap":{},"branchMap":{},"s":{"0":2,"1":2,"2":2,"3":2,"4":2,"5":2,"6":2,"7":2,"8":2,"9":2,"10":2},"f":{},"b":{}}
,"/home/name/myprojects/eventsApp/events-api/src/routes/index.ts": {"path":"/home/name/myprojects/eventsApp/events-api/src/routes/index.ts","statementMap":{"0":{"start":{"line":1,"column":0},"end":{"line":1,"column":33}},"1":{"start":{"line":2,"column":0},"end":{"line":2,"column":45}},"2":{"start":{"line":3,"column":0},"end":{"line":3,"column":43}},"3":{"start":{"line":5,"column":15},"end":{"line":5,"column":23}},"4":{"start":{"line":10,"column":9},"end":{"line":10,"column":15}},"5":{"start":{"line":7,"column":0},"end":{"line":7,"column":33}},"6":{"start":{"line":8,"column":0},"end":{"line":8,"column":35}}},"fnMap":{},"branchMap":{},"s":{"0":2,"1":2,"2":2,"3":2,"4":2,"5":2,"6":2},"f":{},"b":{}}
,"/home/name/myprojects/eventsApp/events-api/src/routes/user.routes.ts": {"path":"/home/name/myprojects/eventsApp/events-api/src/routes/user.routes.ts","statementMap":{"0":{"start":{"line":1,"column":0},"end":{"line":1,"column":33}},"1":{"start":{"line":2,"column":0},"end":{"line":2,"column":91}},"2":{"start":{"line":3,"column":0},"end":{"line":3,"column":91}},"3":{"start":{"line":4,"column":0},"end":{"line":4,"column":87}},"4":{"start":{"line":5,"column":0},"end":{"line":5,"column":93}},"5":{"start":{"line":6,"column":0},"end":{"line":6,"column":97}},"6":{"start":{"line":8,"column":19},"end":{"line":8,"column":27}},"7":{"start":{"line":16,"column":9},"end":{"line":16,"column":19}},"8":{"start":{"line":10,"column":0},"end":{"line":10,"column":56}},"9":{"start":{"line":11,"column":0},"end":{"line":11,"column":56}},"10":{"start":{"line":12,"column":0},"end":{"line":12,"column":56}},"11":{"start":{"line":13,"column":0},"end":{"line":13,"column":61}},"12":{"start":{"line":14,"column":0},"end":{"line":14,"column":61}}},"fnMap":{},"branchMap":{},"s":{"0":2,"1":2,"2":2,"3":2,"4":2,"5":2,"6":2,"7":2,"8":2,"9":2,"10":2,"11":2,"12":2},"f":{},"b":{}}
,"/home/name/myprojects/eventsApp/events-api/src/services/eventServices/CreateEventService.ts": {"path":"/home/name/myprojects/eventsApp/events-api/src/services/eventServices/CreateEventService.ts","statementMap":{"0":{"start":{"line":1,"column":0},"end":{"line":1,"column":45}},"1":{"start":{"line":16,"column":18},"end":{"line":35,"column":6}},"2":{"start":{"line":21,"column":39},"end":{"line":25,"column":12}},"3":{"start":{"line":37,"column":4},"end":{"line":37,"column":17}},"4":{"start":{"line":10,"column":0},"end":{"line":10,"column":13}}},"fnMap":{"0":{"name":"(anonymous_7)","decl":{"start":{"line":11,"column":8},"end":{"line":11,"column":15}},"loc":{"start":{"line":15,"column":21},"end":{"line":38,"column":null}}},"1":{"name":"(anonymous_9)","decl":{"start":{"line":21,"column":30},"end":{"line":21,"column":31}},"loc":{"start":{"line":21,"column":39},"end":{"line":25,"column":12}}}},"branchMap":{},"s":{"0":2,"1":1,"2":0,"3":1,"4":2},"f":{"0":1,"1":0},"b":{}}
,"/home/name/myprojects/eventsApp/events-api/src/services/eventServices/DeleteEventService.ts": {"path":"/home/name/myprojects/eventsApp/events-api/src/services/eventServices/DeleteEventService.ts","statementMap":{"0":{"start":{"line":1,"column":0},"end":{"line":1,"column":45}},"1":{"start":{"line":2,"column":0},"end":{"line":2,"column":49}},"2":{"start":{"line":10,"column":20},"end":{"line":14,"column":6}},"3":{"start":{"line":16,"column":4},"end":{"line":18,"column":null}},"4":{"start":{"line":17,"column":6},"end":{"line":17,"column":56}},"5":{"start":{"line":20,"column":4},"end":{"line":24,"column":7}},"6":{"start":{"line":8,"column":0},"end":{"line":8,"column":13}}},"fnMap":{"0":{"name":"(anonymous_7)","decl":{"start":{"line":9,"column":8},"end":{"line":9,"column":15}},"loc":{"start":{"line":9,"column":40},"end":{"line":25,"column":null}}}},"branchMap":{"0":{"loc":{"start":{"line":16,"column":4},"end":{"line":18,"column":null}},"type":"if","locations":[{"start":{"line":16,"column":4},"end":{"line":18,"column":null}}]}},"s":{"0":2,"1":2,"2":2,"3":2,"4":1,"5":1,"6":2},"f":{"0":2},"b":{"0":[1]}}
,"/home/name/myprojects/eventsApp/events-api/src/services/eventServices/EditEventService.ts": {"path":"/home/name/myprojects/eventsApp/events-api/src/services/eventServices/EditEventService.ts","statementMap":{"0":{"start":{"line":1,"column":0},"end":{"line":1,"column":45}},"1":{"start":{"line":2,"column":0},"end":{"line":2,"column":49}},"2":{"start":{"line":19,"column":20},"end":{"line":23,"column":6}},"3":{"start":{"line":25,"column":4},"end":{"line":27,"column":null}},"4":{"start":{"line":26,"column":6},"end":{"line":26,"column":56}},"5":{"start":{"line":29,"column":25},"end":{"line":52,"column":6}},"6":{"start":{"line":38,"column":39},"end":{"line":42,"column":12}},"7":{"start":{"line":54,"column":4},"end":{"line":54,"column":24}},"8":{"start":{"line":12,"column":0},"end":{"line":12,"column":13}}},"fnMap":{"0":{"name":"(anonymous_7)","decl":{"start":{"line":13,"column":8},"end":{"line":13,"column":15}},"loc":{"start":{"line":18,"column":19},"end":{"line":55,"column":null}}},"1":{"name":"(anonymous_9)","decl":{"start":{"line":38,"column":30},"end":{"line":38,"column":31}},"loc":{"start":{"line":38,"column":39},"end":{"line":42,"column":12}}}},"branchMap":{"0":{"loc":{"start":{"line":25,"column":4},"end":{"line":27,"column":null}},"type":"if","locations":[{"start":{"line":25,"column":4},"end":{"line":27,"column":null}}]}},"s":{"0":2,"1":2,"2":2,"3":2,"4":1,"5":1,"6":0,"7":1,"8":2},"f":{"0":2,"1":0},"b":{"0":[1]}}
,"/home/name/myprojects/eventsApp/events-api/src/services/eventServices/GetAllEventsService.ts": {"path":"/home/name/myprojects/eventsApp/events-api/src/services/eventServices/GetAllEventsService.ts","statementMap":{"0":{"start":{"line":1,"column":0},"end":{"line":1,"column":45}},"1":{"start":{"line":12,"column":19},"end":{"line":29,"column":6}},"2":{"start":{"line":31,"column":4},"end":{"line":31,"column":20}},"3":{"start":{"line":10,"column":0},"end":{"line":10,"column":13}}},"fnMap":{"0":{"name":"(anonymous_7)","decl":{"start":{"line":11,"column":8},"end":{"line":11,"column":15}},"loc":{"start":{"line":11,"column":51},"end":{"line":32,"column":null}}}},"branchMap":{},"s":{"0":2,"1":2,"2":2,"3":2},"f":{"0":2},"b":{}}
,"/home/name/myprojects/eventsApp/events-api/src/services/userServices/CreateUserService.ts": {"path":"/home/name/myprojects/eventsApp/events-api/src/services/userServices/CreateUserService.ts","statementMap":{"0":{"start":{"line":1,"column":0},"end":{"line":1,"column":45}},"1":{"start":{"line":3,"column":0},"end":{"line":3,"column":49}},"2":{"start":{"line":11,"column":19},"end":{"line":15,"column":6}},"3":{"start":{"line":17,"column":4},"end":{"line":19,"column":null}},"4":{"start":{"line":18,"column":6},"end":{"line":18,"column":53}},"5":{"start":{"line":21,"column":17},"end":{"line":37,"column":6}},"6":{"start":{"line":39,"column":4},"end":{"line":39,"column":16}},"7":{"start":{"line":9,"column":0},"end":{"line":9,"column":13}}},"fnMap":{"0":{"name":"(anonymous_7)","decl":{"start":{"line":10,"column":8},"end":{"line":10,"column":15}},"loc":{"start":{"line":10,"column":41},"end":{"line":40,"column":null}}}},"branchMap":{"0":{"loc":{"start":{"line":17,"column":4},"end":{"line":19,"column":null}},"type":"if","locations":[{"start":{"line":17,"column":4},"end":{"line":19,"column":null}}]}},"s":{"0":2,"1":2,"2":2,"3":2,"4":1,"5":1,"6":1,"7":2},"f":{"0":2},"b":{"0":[1]}}
,"/home/name/myprojects/eventsApp/events-api/src/services/userServices/DeleteUserService.ts": {"path":"/home/name/myprojects/eventsApp/events-api/src/services/userServices/DeleteUserService.ts","statementMap":{"0":{"start":{"line":1,"column":0},"end":{"line":1,"column":45}},"1":{"start":{"line":2,"column":0},"end":{"line":2,"column":49}},"2":{"start":{"line":10,"column":19},"end":{"line":14,"column":6}},"3":{"start":{"line":16,"column":4},"end":{"line":18,"column":null}},"4":{"start":{"line":17,"column":6},"end":{"line":17,"column":55}},"5":{"start":{"line":20,"column":4},"end":{"line":24,"column":7}},"6":{"start":{"line":8,"column":0},"end":{"line":8,"column":13}}},"fnMap":{"0":{"name":"(anonymous_7)","decl":{"start":{"line":9,"column":8},"end":{"line":9,"column":15}},"loc":{"start":{"line":9,"column":39},"end":{"line":25,"column":null}}}},"branchMap":{"0":{"loc":{"start":{"line":16,"column":4},"end":{"line":18,"column":null}},"type":"if","locations":[{"start":{"line":16,"column":4},"end":{"line":18,"column":null}}]}},"s":{"0":2,"1":2,"2":2,"3":2,"4":1,"5":1,"6":2},"f":{"0":2},"b":{"0":[1]}}
,"/home/name/myprojects/eventsApp/events-api/src/services/userServices/EditUserService.ts": {"path":"/home/name/myprojects/eventsApp/events-api/src/services/userServices/EditUserService.ts","statementMap":{"0":{"start":{"line":1,"column":0},"end":{"line":1,"column":45}},"1":{"start":{"line":2,"column":0},"end":{"line":2,"column":49}},"2":{"start":{"line":12,"column":17},"end":{"line":16,"column":6}},"3":{"start":{"line":18,"column":4},"end":{"line":20,"column":null}},"4":{"start":{"line":19,"column":6},"end":{"line":19,"column":55}},"5":{"start":{"line":22,"column":4},"end":{"line":26,"column":7}},"6":{"start":{"line":28,"column":4},"end":{"line":30,"column":null}},"7":{"start":{"line":29,"column":6},"end":{"line":29,"column":53}},"8":{"start":{"line":32,"column":24},"end":{"line":51,"column":6}},"9":{"start":{"line":53,"column":4},"end":{"line":53,"column":23}},"10":{"start":{"line":10,"column":0},"end":{"line":10,"column":13}}},"fnMap":{"0":{"name":"(anonymous_7)","decl":{"start":{"line":11,"column":8},"end":{"line":11,"column":15}},"loc":{"start":{"line":11,"column":43},"end":{"line":54,"column":null}}}},"branchMap":{"0":{"loc":{"start":{"line":18,"column":4},"end":{"line":20,"column":null}},"type":"if","locations":[{"start":{"line":18,"column":4},"end":{"line":20,"column":null}}]},"1":{"loc":{"start":{"line":28,"column":4},"end":{"line":30,"column":null}},"type":"if","locations":[{"start":{"line":28,"column":4},"end":{"line":30,"column":null}}]}},"s":{"0":2,"1":2,"2":2,"3":2,"4":1,"5":1,"6":1,"7":0,"8":1,"9":1,"10":2},"f":{"0":2},"b":{"0":[1],"1":[0]}}
,"/home/name/myprojects/eventsApp/events-api/src/services/userServices/GetAllUsersService.ts": {"path":"/home/name/myprojects/eventsApp/events-api/src/services/userServices/GetAllUsersService.ts","statementMap":{"0":{"start":{"line":1,"column":0},"end":{"line":1,"column":45}},"1":{"start":{"line":12,"column":20},"end":{"line":34,"column":6}},"2":{"start":{"line":36,"column":4},"end":{"line":36,"column":19}},"3":{"start":{"line":10,"column":0},"end":{"line":10,"column":13}}},"fnMap":{"0":{"name":"(anonymous_7)","decl":{"start":{"line":11,"column":8},"end":{"line":11,"column":15}},"loc":{"start":{"line":11,"column":50},"end":{"line":37,"column":null}}}},"branchMap":{},"s":{"0":2,"1":2,"2":2,"3":2},"f":{"0":2},"b":{}}
,"/home/name/myprojects/eventsApp/events-api/src/services/userServices/GetSingleUserService.ts": {"path":"/home/name/myprojects/eventsApp/events-api/src/services/userServices/GetSingleUserService.ts","statementMap":{"0":{"start":{"line":1,"column":0},"end":{"line":1,"column":45}},"1":{"start":{"line":3,"column":0},"end":{"line":3,"column":49}},"2":{"start":{"line":11,"column":19},"end":{"line":27,"column":6}},"3":{"start":{"line":29,"column":4},"end":{"line":31,"column":null}},"4":{"start":{"line":30,"column":6},"end":{"line":30,"column":55}},"5":{"start":{"line":33,"column":4},"end":{"line":33,"column":18}},"6":{"start":{"line":9,"column":0},"end":{"line":9,"column":13}}},"fnMap":{"0":{"name":"(anonymous_7)","decl":{"start":{"line":10,"column":8},"end":{"line":10,"column":15}},"loc":{"start":{"line":10,"column":49},"end":{"line":34,"column":null}}}},"branchMap":{"0":{"loc":{"start":{"line":29,"column":4},"end":{"line":31,"column":null}},"type":"if","locations":[{"start":{"line":29,"column":4},"end":{"line":31,"column":null}}]}},"s":{"0":2,"1":2,"2":1,"3":1,"4":0,"5":1,"6":2},"f":{"0":1},"b":{"0":[0]}}
,"/home/name/myprojects/eventsApp/events-api/src/utils/helpers.ts": {"path":"/home/name/myprojects/eventsApp/events-api/src/utils/helpers.ts","statementMap":{"0":{"start":{"line":1,"column":22},"end":{"line":4,"column":1}},"1":{"start":{"line":2,"column":24},"end":{"line":2,"column":38}},"2":{"start":{"line":3,"column":2},"end":{"line":3,"column":68}},"3":{"start":{"line":1,"column":13},"end":{"line":1,"column":22}}},"fnMap":{"0":{"name":"(anonymous_0)","decl":{"start":{"line":1,"column":22},"end":{"line":1,"column":32}},"loc":{"start":{"line":1,"column":44},"end":{"line":4,"column":1}}}},"branchMap":{"0":{"loc":{"start":{"line":3,"column":9},"end":{"line":3,"column":67}},"type":"cond-expr","locations":[{"start":{"line":3,"column":55},"end":{"line":3,"column":60}},{"start":{"line":3,"column":63},"end":{"line":3,"column":67}}]}},"s":{"0":2,"1":3,"2":3,"3":2},"f":{"0":3},"b":{"0":[0,3]}}
}
