TN:
SF:src/app.ts
FNF:0
FNH:0
DA:1,2
DA:2,2
DA:3,2
DA:4,2
DA:5,2
DA:6,2
DA:7,2
DA:9,2
DA:11,2
DA:12,2
DA:13,2
DA:14,2
DA:15,2
DA:17,2
LF:14
LH:14
BRF:0
BRH:0
end_of_record
TN:
SF:src/controllers/eventControllers/CreateEventController.ts
FN:7,(anonymous_7)
FNF:1
FNH:1
FNDA:2,(anonymous_7)
DA:2,2
DA:3,2
DA:4,2
DA:6,2
DA:8,2
DA:10,2
DA:11,1
DA:14,1
DA:16,1
DA:22,1
LF:10
LH:10
BRDA:10,0,0,1
BRDA:10,1,0,2
BRDA:10,1,1,2
BRDA:10,1,2,1
BRDA:10,1,3,1
BRF:5
BRH:5
end_of_record
TN:
SF:src/controllers/eventControllers/DeleteEventController.ts
FN:5,(anonymous_7)
FNF:1
FNH:1
FNDA:2,(anonymous_7)
DA:2,2
DA:4,2
DA:6,2
DA:8,2
DA:10,2
DA:12,1
LF:6
LH:6
BRF:0
BRH:0
end_of_record
TN:
SF:src/controllers/eventControllers/EditEventController.ts
FN:7,(anonymous_7)
FNF:1
FNH:1
FNDA:3,(anonymous_7)
DA:2,2
DA:3,2
DA:4,2
DA:6,2
DA:8,3
DA:9,3
DA:11,3
DA:12,1
DA:15,2
DA:17,2
DA:24,1
LF:11
LH:11
BRDA:11,0,0,1
BRDA:11,1,0,3
BRDA:11,1,1,3
BRDA:11,1,2,2
BRDA:11,1,3,2
BRF:5
BRH:5
end_of_record
TN:
SF:src/controllers/eventControllers/GetAllEventsController.ts
FN:9,(anonymous_7)
FNF:1
FNH:1
FNDA:2,(anonymous_7)
DA:2,2
DA:8,2
DA:10,2
DA:11,2
DA:13,2
DA:17,2
DA:19,2
LF:7
LH:7
BRF:0
BRH:0
end_of_record
TN:
SF:src/controllers/userControllers/CreateUserController.ts
FN:6,(anonymous_7)
FNF:1
FNH:1
FNDA:3,(anonymous_7)
DA:2,2
DA:3,2
DA:5,2
DA:7,3
DA:9,3
DA:10,1
DA:13,2
DA:15,2
DA:17,1
LF:9
LH:9
BRDA:9,0,0,1
BRF:1
BRH:1
end_of_record
TN:
SF:src/controllers/userControllers/DeleteUserController.ts
FN:5,(anonymous_7)
FNF:1
FNH:1
FNDA:2,(anonymous_7)
DA:2,2
DA:4,2
DA:6,2
DA:8,2
DA:10,2
DA:12,1
LF:6
LH:6
BRF:0
BRH:0
end_of_record
TN:
SF:src/controllers/userControllers/EditUserController.ts
FN:6,(anonymous_7)
FNF:1
FNH:1
FNDA:3,(anonymous_7)
DA:2,2
DA:3,2
DA:5,2
DA:7,3
DA:8,3
DA:10,3
DA:11,1
DA:14,2
DA:16,2
DA:18,1
LF:10
LH:10
BRDA:10,0,0,1
BRF:1
BRH:1
end_of_record
TN:
SF:src/controllers/userControllers/GetAllUsersController.ts
FN:9,(anonymous_7)
FNF:1
FNH:1
FNDA:2,(anonymous_7)
DA:2,2
DA:8,2
DA:10,2
DA:11,2
DA:13,2
DA:17,2
DA:19,2
LF:7
LH:7
BRF:0
BRH:0
end_of_record
TN:
SF:src/controllers/userControllers/GetSingleUserController.ts
FN:5,(anonymous_7)
FNF:1
FNH:1
FNDA:1,(anonymous_7)
DA:2,2
DA:4,2
DA:6,1
DA:7,1
DA:9,1
DA:11,1
LF:6
LH:6
BRF:0
BRH:0
end_of_record
TN:
SF:src/errors/AppError.ts
FN:6,(anonymous_0)
FNF:1
FNH:1
FNDA:9,(anonymous_0)
DA:1,2
DA:7,9
DA:8,9
LF:3
LH:3
BRF:0
BRH:0
end_of_record
TN:
SF:src/middlewares/errorHandlerMiddleware.ts
FN:4,(anonymous_0)
FNF:1
FNH:1
FNDA:9,(anonymous_0)
DA:2,2
DA:4,2
DA:10,9
DA:11,9
DA:17,0
LF:5
LH:4
BRDA:10,0,0,9
BRF:1
BRH:1
end_of_record
TN:
SF:src/prisma/client.ts
FNF:0
FNH:0
DA:1,2
DA:3,2
LF:2
LH:2
BRF:0
BRH:0
end_of_record
TN:
SF:src/routes/event.routes.ts
FNF:0
FNH:0
DA:1,2
DA:2,2
DA:3,2
DA:4,2
DA:5,2
DA:7,2
DA:9,2
DA:10,2
DA:11,2
DA:12,2
DA:14,2
LF:11
LH:11
BRF:0
BRH:0
end_of_record
TN:
SF:src/routes/index.ts
FNF:0
FNH:0
DA:1,2
DA:2,2
DA:3,2
DA:5,2
DA:7,2
DA:8,2
DA:10,2
LF:7
LH:7
BRF:0
BRH:0
end_of_record
TN:
SF:src/routes/user.routes.ts
FNF:0
FNH:0
DA:1,2
DA:2,2
DA:3,2
DA:4,2
DA:5,2
DA:6,2
DA:8,2
DA:10,2
DA:11,2
DA:12,2
DA:13,2
DA:14,2
DA:16,2
LF:13
LH:13
BRF:0
BRH:0
end_of_record
TN:
SF:src/services/eventServices/CreateEventService.ts
FN:11,(anonymous_7)
FN:21,(anonymous_9)
FNF:2
FNH:1
FNDA:1,(anonymous_7)
FNDA:0,(anonymous_9)
DA:1,2
DA:10,2
DA:16,1
DA:21,0
DA:37,1
LF:5
LH:4
BRF:0
BRH:0
end_of_record
TN:
SF:src/services/eventServices/DeleteEventService.ts
FN:9,(anonymous_7)
FNF:1
FNH:1
FNDA:2,(anonymous_7)
DA:1,2
DA:2,2
DA:8,2
DA:10,2
DA:16,2
DA:17,1
DA:20,1
LF:7
LH:7
BRDA:16,0,0,1
BRF:1
BRH:1
end_of_record
TN:
SF:src/services/eventServices/EditEventService.ts
FN:13,(anonymous_7)
FN:38,(anonymous_9)
FNF:2
FNH:1
FNDA:2,(anonymous_7)
FNDA:0,(anonymous_9)
DA:1,2
DA:2,2
DA:12,2
DA:19,2
DA:25,2
DA:26,1
DA:29,1
DA:38,0
DA:54,1
LF:9
LH:8
BRDA:25,0,0,1
BRF:1
BRH:1
end_of_record
TN:
SF:src/services/eventServices/GetAllEventsService.ts
FN:11,(anonymous_7)
FNF:1
FNH:1
FNDA:2,(anonymous_7)
DA:1,2
DA:10,2
DA:12,2
DA:31,2
LF:4
LH:4
BRF:0
BRH:0
end_of_record
TN:
SF:src/services/userServices/CreateUserService.ts
FN:10,(anonymous_7)
FNF:1
FNH:1
FNDA:2,(anonymous_7)
DA:1,2
DA:3,2
DA:9,2
DA:11,2
DA:17,2
DA:18,1
DA:21,1
DA:39,1
LF:8
LH:8
BRDA:17,0,0,1
BRF:1
BRH:1
end_of_record
TN:
SF:src/services/userServices/DeleteUserService.ts
FN:9,(anonymous_7)
FNF:1
FNH:1
FNDA:2,(anonymous_7)
DA:1,2
DA:2,2
DA:8,2
DA:10,2
DA:16,2
DA:17,1
DA:20,1
LF:7
LH:7
BRDA:16,0,0,1
BRF:1
BRH:1
end_of_record
TN:
SF:src/services/userServices/EditUserService.ts
FN:11,(anonymous_7)
FNF:1
FNH:1
FNDA:2,(anonymous_7)
DA:1,2
DA:2,2
DA:10,2
DA:12,2
DA:18,2
DA:19,1
DA:22,1
DA:28,1
DA:29,0
DA:32,1
DA:53,1
LF:11
LH:10
BRDA:18,0,0,1
BRDA:28,1,0,0
BRF:2
BRH:1
end_of_record
TN:
SF:src/services/userServices/GetAllUsersService.ts
FN:11,(anonymous_7)
FNF:1
FNH:1
FNDA:2,(anonymous_7)
DA:1,2
DA:10,2
DA:12,2
DA:36,2
LF:4
LH:4
BRF:0
BRH:0
end_of_record
TN:
SF:src/services/userServices/GetSingleUserService.ts
FN:10,(anonymous_7)
FNF:1
FNH:1
FNDA:1,(anonymous_7)
DA:1,2
DA:3,2
DA:9,2
DA:11,1
DA:29,1
DA:30,0
DA:33,1
LF:7
LH:6
BRDA:29,0,0,0
BRF:1
BRH:0
end_of_record
TN:
SF:src/utils/helpers.ts
FN:1,(anonymous_0)
FNF:1
FNH:1
FNDA:3,(anonymous_0)
DA:1,2
DA:2,3
DA:3,3
LF:3
LH:3
BRDA:3,0,0,0
BRDA:3,0,1,3
BRF:2
BRH:1
end_of_record
